<?xml version="1.0" encoding="UTF-8"?>
<!-- Generated by org.testng.reporters.JUnitXMLReporter -->
<testsuite ignored="0" hostname="Freedom" failures="0" tests="5" name="goIbibo Tests" time="3.676" errors="0" timestamp="2021-10-29T23:13:14 IST">
  <testcase classname="com.goibibo.qa.testcases.DashboardTest" name="@BeforeMethod setUp" time="1.31">
    <failure type="org.openqa.selenium.SessionNotCreatedException" message="session not created: This version of ChromeDriver only supports Chrome version 93
Current browser version is 95.0.4638.69 with binary path C:\Program Files\Google\Chrome\Application\chrome.exe
Build info: version: &amp;apos;3.141.59&amp;apos;, revision: &amp;apos;e82be7d358&amp;apos;, time: &amp;apos;2018-11-14T08:17:03&amp;apos;
System info: host: &amp;apos;FREEDOM&amp;apos;, ip: &amp;apos;192.168.56.1&amp;apos;, os.name: &amp;apos;Windows 10&amp;apos;, os.arch: &amp;apos;amd64&amp;apos;, os.version: &amp;apos;10.0&amp;apos;, java.version: &amp;apos;15.0.1&amp;apos;
Driver info: driver.version: ChromeDriver
remote stacktrace: Backtrace:
	Ordinal0 [0x004ED403+2479107]
	Ordinal0 [0x00487D51+2063697]
	Ordinal0 [0x003920C8+1056968]
	Ordinal0 [0x003B043A+1180730]
	Ordinal0 [0x003AC355+1164117]
	Ordinal0 [0x003A9B7F+1153919]
	Ordinal0 [0x003D9CBF+1350847]
	Ordinal0 [0x003D992A+1349930]
	Ordinal0 [0x003D583B+1333307]
	Ordinal0 [0x003B1F94+1187732]
	Ordinal0 [0x003B2DE9+1191401]
	GetHandleVerifier [0x0066F3F6+1531734]
	GetHandleVerifier [0x0071E9AE+2249998]
	GetHandleVerifier [0x005739AB+501003]
	GetHandleVerifier [0x00572A29+497033]
	Ordinal0 [0x0048D11D+2085149]
	Ordinal0 [0x004911C8+2101704]
	Ordinal0 [0x00491302+2102018]
	Ordinal0 [0x0049AA71+2140785]
	BaseThreadInitThunk [0x769EFA29+25]
	RtlGetAppContainerNamedObjectPath [0x77C37A9E+286]
	RtlGetAppContainerNamedObjectPath [0x77C37A6E+238]
">
      <![CDATA[org.openqa.selenium.SessionNotCreatedException: session not created: This version of ChromeDriver only supports Chrome version 93
Current browser version is 95.0.4638.69 with binary path C:\Program Files\Google\Chrome\Application\chrome.exe
Build info: version: '3.141.59', revision: 'e82be7d358', time: '2018-11-14T08:17:03'
System info: host: 'FREEDOM', ip: '192.168.56.1', os.name: 'Windows 10', os.arch: 'amd64', os.version: '10.0', java.version: '15.0.1'
Driver info: driver.version: ChromeDriver
remote stacktrace: Backtrace:
Ordinal0 [0x004ED403+2479107]
Ordinal0 [0x00487D51+2063697]
Ordinal0 [0x003920C8+1056968]
Ordinal0 [0x003B043A+1180730]
Ordinal0 [0x003AC355+1164117]
Ordinal0 [0x003A9B7F+1153919]
Ordinal0 [0x003D9CBF+1350847]
Ordinal0 [0x003D992A+1349930]
Ordinal0 [0x003D583B+1333307]
Ordinal0 [0x003B1F94+1187732]
Ordinal0 [0x003B2DE9+1191401]
GetHandleVerifier [0x0066F3F6+1531734]
GetHandleVerifier [0x0071E9AE+2249998]
GetHandleVerifier [0x005739AB+501003]
GetHandleVerifier [0x00572A29+497033]
Ordinal0 [0x0048D11D+2085149]
Ordinal0 [0x004911C8+2101704]
Ordinal0 [0x00491302+2102018]
Ordinal0 [0x0049AA71+2140785]
BaseThreadInitThunk [0x769EFA29+25]
RtlGetAppContainerNamedObjectPath [0x77C37A9E+286]
RtlGetAppContainerNamedObjectPath [0x77C37A6E+238]

at org.openqa.selenium.remote.W3CHandshakeResponse.lambda$errorHandler$0(W3CHandshakeResponse.java:62)
at org.openqa.selenium.remote.HandshakeResponse.lambda$getResponseFunction$0(HandshakeResponse.java:30)
at org.openqa.selenium.remote.ProtocolHandshake.lambda$createSession$0(ProtocolHandshake.java:126)
at java.base/java.util.stream.ReferencePipeline$3$1.accept(ReferencePipeline.java:195)
at java.base/java.util.Spliterators$ArraySpliterator.tryAdvance(Spliterators.java:958)
at java.base/java.util.stream.ReferencePipeline.forEachWithCancel(ReferencePipeline.java:127)
at java.base/java.util.stream.AbstractPipeline.copyIntoWithCancel(AbstractPipeline.java:502)
at java.base/java.util.stream.AbstractPipeline.copyInto(AbstractPipeline.java:488)
at java.base/java.util.stream.AbstractPipeline.wrapAndCopyInto(AbstractPipeline.java:474)
at java.base/java.util.stream.FindOps$FindOp.evaluateSequential(FindOps.java:150)
at java.base/java.util.stream.AbstractPipeline.evaluate(AbstractPipeline.java:234)
at java.base/java.util.stream.ReferencePipeline.findFirst(ReferencePipeline.java:543)
at org.openqa.selenium.remote.ProtocolHandshake.createSession(ProtocolHandshake.java:128)
at org.openqa.selenium.remote.ProtocolHandshake.createSession(ProtocolHandshake.java:74)
at org.openqa.selenium.remote.HttpCommandExecutor.execute(HttpCommandExecutor.java:136)
at org.openqa.selenium.remote.service.DriverCommandExecutor.execute(DriverCommandExecutor.java:83)
at org.openqa.selenium.remote.RemoteWebDriver.execute(RemoteWebDriver.java:552)
at org.openqa.selenium.remote.RemoteWebDriver.startSession(RemoteWebDriver.java:213)
at org.openqa.selenium.remote.RemoteWebDriver.<init>(RemoteWebDriver.java:131)
at org.openqa.selenium.chrome.ChromeDriver.<init>(ChromeDriver.java:181)
at org.openqa.selenium.chrome.ChromeDriver.<init>(ChromeDriver.java:168)
at org.openqa.selenium.chrome.ChromeDriver.<init>(ChromeDriver.java:123)
at com.goibibo.qa.base.TestBase.initialize(TestBase.java:45)
at com.goibibo.qa.testcases.DashboardTest.setUp(DashboardTest.java:32)
at java.base/java.util.ArrayList.forEach(ArrayList.java:1511)
... Removed 36 stack frames]]>
    </failure>
  </testcase> <!-- @BeforeMethod setUp -->
  <testcase classname="com.goibibo.qa.testcases.DashboardTest" name="@AfterMethod tearDown" time="-1.635529391667E9">
    <skipped/>
  </testcase> <!-- @AfterMethod tearDown -->
  <testcase classname="com.goibibo.qa.testcases.AboutUsTest" name="@BeforeMethod setUp" time="1.02">
    <failure type="org.openqa.selenium.SessionNotCreatedException" message="session not created: This version of ChromeDriver only supports Chrome version 93
Current browser version is 95.0.4638.69 with binary path C:\Program Files\Google\Chrome\Application\chrome.exe
Build info: version: &amp;apos;3.141.59&amp;apos;, revision: &amp;apos;e82be7d358&amp;apos;, time: &amp;apos;2018-11-14T08:17:03&amp;apos;
System info: host: &amp;apos;FREEDOM&amp;apos;, ip: &amp;apos;192.168.56.1&amp;apos;, os.name: &amp;apos;Windows 10&amp;apos;, os.arch: &amp;apos;amd64&amp;apos;, os.version: &amp;apos;10.0&amp;apos;, java.version: &amp;apos;15.0.1&amp;apos;
Driver info: driver.version: ChromeDriver
remote stacktrace: Backtrace:
	Ordinal0 [0x004ED403+2479107]
	Ordinal0 [0x00487D51+2063697]
	Ordinal0 [0x003920C8+1056968]
	Ordinal0 [0x003B043A+1180730]
	Ordinal0 [0x003AC355+1164117]
	Ordinal0 [0x003A9B7F+1153919]
	Ordinal0 [0x003D9CBF+1350847]
	Ordinal0 [0x003D992A+1349930]
	Ordinal0 [0x003D583B+1333307]
	Ordinal0 [0x003B1F94+1187732]
	Ordinal0 [0x003B2DE9+1191401]
	GetHandleVerifier [0x0066F3F6+1531734]
	GetHandleVerifier [0x0071E9AE+2249998]
	GetHandleVerifier [0x005739AB+501003]
	GetHandleVerifier [0x00572A29+497033]
	Ordinal0 [0x0048D11D+2085149]
	Ordinal0 [0x004911C8+2101704]
	Ordinal0 [0x00491302+2102018]
	Ordinal0 [0x0049AA71+2140785]
	BaseThreadInitThunk [0x769EFA29+25]
	RtlGetAppContainerNamedObjectPath [0x77C37A9E+286]
	RtlGetAppContainerNamedObjectPath [0x77C37A6E+238]
">
      <![CDATA[org.openqa.selenium.SessionNotCreatedException: session not created: This version of ChromeDriver only supports Chrome version 93
Current browser version is 95.0.4638.69 with binary path C:\Program Files\Google\Chrome\Application\chrome.exe
Build info: version: '3.141.59', revision: 'e82be7d358', time: '2018-11-14T08:17:03'
System info: host: 'FREEDOM', ip: '192.168.56.1', os.name: 'Windows 10', os.arch: 'amd64', os.version: '10.0', java.version: '15.0.1'
Driver info: driver.version: ChromeDriver
remote stacktrace: Backtrace:
Ordinal0 [0x004ED403+2479107]
Ordinal0 [0x00487D51+2063697]
Ordinal0 [0x003920C8+1056968]
Ordinal0 [0x003B043A+1180730]
Ordinal0 [0x003AC355+1164117]
Ordinal0 [0x003A9B7F+1153919]
Ordinal0 [0x003D9CBF+1350847]
Ordinal0 [0x003D992A+1349930]
Ordinal0 [0x003D583B+1333307]
Ordinal0 [0x003B1F94+1187732]
Ordinal0 [0x003B2DE9+1191401]
GetHandleVerifier [0x0066F3F6+1531734]
GetHandleVerifier [0x0071E9AE+2249998]
GetHandleVerifier [0x005739AB+501003]
GetHandleVerifier [0x00572A29+497033]
Ordinal0 [0x0048D11D+2085149]
Ordinal0 [0x004911C8+2101704]
Ordinal0 [0x00491302+2102018]
Ordinal0 [0x0049AA71+2140785]
BaseThreadInitThunk [0x769EFA29+25]
RtlGetAppContainerNamedObjectPath [0x77C37A9E+286]
RtlGetAppContainerNamedObjectPath [0x77C37A6E+238]

at org.openqa.selenium.remote.W3CHandshakeResponse.lambda$errorHandler$0(W3CHandshakeResponse.java:62)
at org.openqa.selenium.remote.HandshakeResponse.lambda$getResponseFunction$0(HandshakeResponse.java:30)
at org.openqa.selenium.remote.ProtocolHandshake.lambda$createSession$0(ProtocolHandshake.java:126)
at java.base/java.util.stream.ReferencePipeline$3$1.accept(ReferencePipeline.java:195)
at java.base/java.util.Spliterators$ArraySpliterator.tryAdvance(Spliterators.java:958)
at java.base/java.util.stream.ReferencePipeline.forEachWithCancel(ReferencePipeline.java:127)
at java.base/java.util.stream.AbstractPipeline.copyIntoWithCancel(AbstractPipeline.java:502)
at java.base/java.util.stream.AbstractPipeline.copyInto(AbstractPipeline.java:488)
at java.base/java.util.stream.AbstractPipeline.wrapAndCopyInto(AbstractPipeline.java:474)
at java.base/java.util.stream.FindOps$FindOp.evaluateSequential(FindOps.java:150)
at java.base/java.util.stream.AbstractPipeline.evaluate(AbstractPipeline.java:234)
at java.base/java.util.stream.ReferencePipeline.findFirst(ReferencePipeline.java:543)
at org.openqa.selenium.remote.ProtocolHandshake.createSession(ProtocolHandshake.java:128)
at org.openqa.selenium.remote.ProtocolHandshake.createSession(ProtocolHandshake.java:74)
at org.openqa.selenium.remote.HttpCommandExecutor.execute(HttpCommandExecutor.java:136)
at org.openqa.selenium.remote.service.DriverCommandExecutor.execute(DriverCommandExecutor.java:83)
at org.openqa.selenium.remote.RemoteWebDriver.execute(RemoteWebDriver.java:552)
at org.openqa.selenium.remote.RemoteWebDriver.startSession(RemoteWebDriver.java:213)
at org.openqa.selenium.remote.RemoteWebDriver.<init>(RemoteWebDriver.java:131)
at org.openqa.selenium.chrome.ChromeDriver.<init>(ChromeDriver.java:181)
at org.openqa.selenium.chrome.ChromeDriver.<init>(ChromeDriver.java:168)
at org.openqa.selenium.chrome.ChromeDriver.<init>(ChromeDriver.java:123)
at com.goibibo.qa.base.TestBase.initialize(TestBase.java:45)
at com.goibibo.qa.testcases.AboutUsTest.setUp(AboutUsTest.java:25)
at java.base/java.util.ArrayList.forEach(ArrayList.java:1511)
... Removed 36 stack frames]]>
    </failure>
  </testcase> <!-- @BeforeMethod setUp -->
  <testcase classname="com.goibibo.qa.testcases.AboutUsTest" name="@AfterMethod tearDown" time="-1.635529392693E9">
    <skipped/>
  </testcase> <!-- @AfterMethod tearDown -->
  <testcase classname="com.goibibo.qa.testcases.AboutUsTest" name="@BeforeMethod setUp" time="-1.635529392694E9">
    <skipped/>
  </testcase> <!-- @BeforeMethod setUp -->
  <testcase classname="com.goibibo.qa.testcases.AboutUsTest" name="@AfterMethod tearDown" time="-1.635529392696E9">
    <skipped/>
  </testcase> <!-- @AfterMethod tearDown -->
  <testcase classname="com.goibibo.qa.testcases.CareersTest" name="@BeforeMethod setup" time="1.017">
    <failure type="org.openqa.selenium.SessionNotCreatedException" message="session not created: This version of ChromeDriver only supports Chrome version 93
Current browser version is 95.0.4638.69 with binary path C:\Program Files\Google\Chrome\Application\chrome.exe
Build info: version: &amp;apos;3.141.59&amp;apos;, revision: &amp;apos;e82be7d358&amp;apos;, time: &amp;apos;2018-11-14T08:17:03&amp;apos;
System info: host: &amp;apos;FREEDOM&amp;apos;, ip: &amp;apos;192.168.56.1&amp;apos;, os.name: &amp;apos;Windows 10&amp;apos;, os.arch: &amp;apos;amd64&amp;apos;, os.version: &amp;apos;10.0&amp;apos;, java.version: &amp;apos;15.0.1&amp;apos;
Driver info: driver.version: ChromeDriver
remote stacktrace: Backtrace:
	Ordinal0 [0x004ED403+2479107]
	Ordinal0 [0x00487D51+2063697]
	Ordinal0 [0x003920C8+1056968]
	Ordinal0 [0x003B043A+1180730]
	Ordinal0 [0x003AC355+1164117]
	Ordinal0 [0x003A9B7F+1153919]
	Ordinal0 [0x003D9CBF+1350847]
	Ordinal0 [0x003D992A+1349930]
	Ordinal0 [0x003D583B+1333307]
	Ordinal0 [0x003B1F94+1187732]
	Ordinal0 [0x003B2DE9+1191401]
	GetHandleVerifier [0x0066F3F6+1531734]
	GetHandleVerifier [0x0071E9AE+2249998]
	GetHandleVerifier [0x005739AB+501003]
	GetHandleVerifier [0x00572A29+497033]
	Ordinal0 [0x0048D11D+2085149]
	Ordinal0 [0x004911C8+2101704]
	Ordinal0 [0x00491302+2102018]
	Ordinal0 [0x0049AA71+2140785]
	BaseThreadInitThunk [0x769EFA29+25]
	RtlGetAppContainerNamedObjectPath [0x77C37A9E+286]
	RtlGetAppContainerNamedObjectPath [0x77C37A6E+238]
">
      <![CDATA[org.openqa.selenium.SessionNotCreatedException: session not created: This version of ChromeDriver only supports Chrome version 93
Current browser version is 95.0.4638.69 with binary path C:\Program Files\Google\Chrome\Application\chrome.exe
Build info: version: '3.141.59', revision: 'e82be7d358', time: '2018-11-14T08:17:03'
System info: host: 'FREEDOM', ip: '192.168.56.1', os.name: 'Windows 10', os.arch: 'amd64', os.version: '10.0', java.version: '15.0.1'
Driver info: driver.version: ChromeDriver
remote stacktrace: Backtrace:
Ordinal0 [0x004ED403+2479107]
Ordinal0 [0x00487D51+2063697]
Ordinal0 [0x003920C8+1056968]
Ordinal0 [0x003B043A+1180730]
Ordinal0 [0x003AC355+1164117]
Ordinal0 [0x003A9B7F+1153919]
Ordinal0 [0x003D9CBF+1350847]
Ordinal0 [0x003D992A+1349930]
Ordinal0 [0x003D583B+1333307]
Ordinal0 [0x003B1F94+1187732]
Ordinal0 [0x003B2DE9+1191401]
GetHandleVerifier [0x0066F3F6+1531734]
GetHandleVerifier [0x0071E9AE+2249998]
GetHandleVerifier [0x005739AB+501003]
GetHandleVerifier [0x00572A29+497033]
Ordinal0 [0x0048D11D+2085149]
Ordinal0 [0x004911C8+2101704]
Ordinal0 [0x00491302+2102018]
Ordinal0 [0x0049AA71+2140785]
BaseThreadInitThunk [0x769EFA29+25]
RtlGetAppContainerNamedObjectPath [0x77C37A9E+286]
RtlGetAppContainerNamedObjectPath [0x77C37A6E+238]

at org.openqa.selenium.remote.W3CHandshakeResponse.lambda$errorHandler$0(W3CHandshakeResponse.java:62)
at org.openqa.selenium.remote.HandshakeResponse.lambda$getResponseFunction$0(HandshakeResponse.java:30)
at org.openqa.selenium.remote.ProtocolHandshake.lambda$createSession$0(ProtocolHandshake.java:126)
at java.base/java.util.stream.ReferencePipeline$3$1.accept(ReferencePipeline.java:195)
at java.base/java.util.Spliterators$ArraySpliterator.tryAdvance(Spliterators.java:958)
at java.base/java.util.stream.ReferencePipeline.forEachWithCancel(ReferencePipeline.java:127)
at java.base/java.util.stream.AbstractPipeline.copyIntoWithCancel(AbstractPipeline.java:502)
at java.base/java.util.stream.AbstractPipeline.copyInto(AbstractPipeline.java:488)
at java.base/java.util.stream.AbstractPipeline.wrapAndCopyInto(AbstractPipeline.java:474)
at java.base/java.util.stream.FindOps$FindOp.evaluateSequential(FindOps.java:150)
at java.base/java.util.stream.AbstractPipeline.evaluate(AbstractPipeline.java:234)
at java.base/java.util.stream.ReferencePipeline.findFirst(ReferencePipeline.java:543)
at org.openqa.selenium.remote.ProtocolHandshake.createSession(ProtocolHandshake.java:128)
at org.openqa.selenium.remote.ProtocolHandshake.createSession(ProtocolHandshake.java:74)
at org.openqa.selenium.remote.HttpCommandExecutor.execute(HttpCommandExecutor.java:136)
at org.openqa.selenium.remote.service.DriverCommandExecutor.execute(DriverCommandExecutor.java:83)
at org.openqa.selenium.remote.RemoteWebDriver.execute(RemoteWebDriver.java:552)
at org.openqa.selenium.remote.RemoteWebDriver.startSession(RemoteWebDriver.java:213)
at org.openqa.selenium.remote.RemoteWebDriver.<init>(RemoteWebDriver.java:131)
at org.openqa.selenium.chrome.ChromeDriver.<init>(ChromeDriver.java:181)
at org.openqa.selenium.chrome.ChromeDriver.<init>(ChromeDriver.java:168)
at org.openqa.selenium.chrome.ChromeDriver.<init>(ChromeDriver.java:123)
at com.goibibo.qa.base.TestBase.initialize(TestBase.java:45)
at com.goibibo.qa.testcases.CareersTest.setup(CareersTest.java:25)
at java.base/java.util.ArrayList.forEach(ArrayList.java:1511)
... Removed 36 stack frames]]>
    </failure>
  </testcase> <!-- @BeforeMethod setup -->
  <testcase classname="com.goibibo.qa.testcases.CareersTest" name="@AfterMethod tearDown" time="-1.635529393717E9">
    <skipped/>
  </testcase> <!-- @AfterMethod tearDown -->
  <testcase classname="com.goibibo.qa.testcases.DashboardTest" name="clickAboutUsPageLinkTest" time="0.0">
    <skipped/>
  </testcase> <!-- clickAboutUsPageLinkTest -->
  <testcase classname="com.goibibo.qa.testcases.AboutUsTest" name="clickHotelsLinkTest" time="0.0">
    <skipped/>
  </testcase> <!-- clickHotelsLinkTest -->
  <testcase classname="com.goibibo.qa.testcases.AboutUsTest" name="closeLoginWindowTest" time="0.0">
    <skipped/>
  </testcase> <!-- closeLoginWindowTest -->
  <testcase classname="com.goibibo.qa.testcases.CareersTest" name="GoibiboCareersLinkEnabledTest" time="0.0">
    <skipped/>
  </testcase> <!-- GoibiboCareersLinkEnabledTest -->
  <testcase classname="com.goibibo.qa.testcases.GetDataTest" name="GetDataFromExcel" time="0.287"/>
</testsuite> <!-- goIbibo Tests -->
