<?xml version="1.0" encoding="UTF-8"?>
<!-- Generated by org.testng.reporters.JUnitXMLReporter -->
<testsuite ignored="0" hostname="freedom" failures="1" tests="2" name="GoIbiboTest" time="9.74" errors="0" timestamp="2021-07-25T12:09:00 IST">
  <testcase classname="com.goibibo.qa.testcases.DashboardTest" name="verifyDashboardHeadingLabelTest" time="0.067"/>
  <testcase classname="com.goibibo.qa.testcases.DashboardTest" name="clickAboutUsPageLinkTest" time="0.002">
    <failure type="java.lang.NullPointerException" message="Cannot invoke &amp;quot;com.goibibo.qa.utilties.TestUtil.scrollPageUntil(org.openqa.selenium.WebElement, org.openqa.selenium.WebDriver)&amp;quot; because &amp;quot;this.testUtil&amp;quot; is null">
      <![CDATA[java.lang.NullPointerException: Cannot invoke "com.goibibo.qa.utilties.TestUtil.scrollPageUntil(org.openqa.selenium.WebElement, org.openqa.selenium.WebDriver)" because "this.testUtil" is null
at com.goibibo.qa.pages.Dashboard.verifyAboutUsLink(Dashboard.java:32)
at com.goibibo.qa.testcases.DashboardTest.clickAboutUsPageLinkTest(DashboardTest.java:39)
at java.base/java.util.ArrayList.forEach(ArrayList.java:1511)
... Removed 27 stack frames]]>
    </failure>
  </testcase> <!-- clickAboutUsPageLinkTest -->
</testsuite> <!-- GoIbiboTest -->
